<?xml version="1.0" encoding="UTF-8"?>
<testsuite name="ServiceTest" tests="1" skipped="0" failures="0" errors="0" timestamp="2017-05-01T18:58:50" hostname="LambertPC" time="0.005">
  <properties/>
  <testcase name="testCreate" classname="ServiceTest" time="0.005"/>
  <system-out><![CDATA[]]></system-out>
  <system-err><![CDATA[]]></system-err>
</testsuite>
